{"ip":"::1","level":"info","message":"Incoming request","method":"GET","timestamp":"2025-09-07T11:16:36.269Z","url":"/api/market/prices","userAgent":"Mozilla/5.0 (Windows NT 10.0; Win64; x64) AppleWebKit/537.36 (KHTML, like Gecko) Chrome/140.0.0.0 Safari/537.36"}
{"ip":"::1","level":"info","message":"Incoming request","method":"GET","timestamp":"2025-09-07T11:16:37.065Z","url":"/health","userAgent":"Mozilla/5.0 (Windows NT 10.0; Win64; x64) AppleWebKit/537.36 (KHTML, like Gecko) Chrome/140.0.0.0 Safari/537.36"}
{"duration":"2ms","level":"info","message":"Response sent","method":"GET","statusCode":200,"timestamp":"2025-09-07T11:16:37.067Z","url":"/health"}
{"ip":"::1","level":"info","message":"Incoming request","method":"GET","timestamp":"2025-09-07T11:16:37.320Z","url":"/favicon.ico","userAgent":"Mozilla/5.0 (Windows NT 10.0; Win64; x64) AppleWebKit/537.36 (KHTML, like Gecko) Chrome/140.0.0.0 Safari/537.36"}
{"duration":"0ms","level":"info","message":"Response sent","method":"GET","statusCode":404,"timestamp":"2025-09-07T11:16:37.320Z","url":"/favicon.ico"}
{"ip":"::1","level":"info","message":"Incoming request","method":"GET","timestamp":"2025-09-07T11:16:37.735Z","url":"/api","userAgent":"Mozilla/5.0 (Windows NT 10.0; Win64; x64) AppleWebKit/537.36 (KHTML, like Gecko) Chrome/140.0.0.0 Safari/537.36"}
{"duration":"1ms","level":"info","message":"Response sent","method":"GET","statusCode":200,"timestamp":"2025-09-07T11:16:37.736Z","url":"/api"}
{"duration":"4069ms","level":"info","message":"Response sent","method":"GET","statusCode":500,"timestamp":"2025-09-07T11:16:40.338Z","url":"/api/market/prices"}
{"ip":"::1","level":"info","message":"Incoming request","method":"GET","timestamp":"2025-09-07T13:04:23.061Z","url":"/health?id=0a22aa9a-6c65-41b8-b7e1-572a687623c1&vscodeBrowserReqId=1757250263054","userAgent":"Mozilla/5.0 (Windows NT 10.0; Win64; x64) AppleWebKit/537.36 (KHTML, like Gecko) Code/1.103.2 Chrome/138.0.7204.100 Electron/37.2.3 Safari/537.36"}
{"duration":"3ms","level":"info","message":"Response sent","method":"GET","statusCode":200,"timestamp":"2025-09-07T13:04:23.064Z","url":"/health?id=0a22aa9a-6c65-41b8-b7e1-572a687623c1&vscodeBrowserReqId=1757250263054"}
{"ip":"::1","level":"info","message":"Incoming request","method":"GET","timestamp":"2025-09-07T13:04:27.618Z","url":"/api/market/prices?id=0a22aa9a-6c65-41b8-b7e1-572a687623c1&vscodeBrowserReqId=1757250267610","userAgent":"Mozilla/5.0 (Windows NT 10.0; Win64; x64) AppleWebKit/537.36 (KHTML, like Gecko) Code/1.103.2 Chrome/138.0.7204.100 Electron/37.2.3 Safari/537.36"}
{"duration":"3ms","level":"info","message":"Response sent","method":"GET","statusCode":404,"timestamp":"2025-09-07T13:04:27.621Z","url":"/api/market/prices?id=0a22aa9a-6c65-41b8-b7e1-572a687623c1&vscodeBrowserReqId=1757250267610"}
{"ip":"::1","level":"info","message":"Incoming request","method":"GET","timestamp":"2025-09-07T13:15:28.214Z","url":"/health?id=8ddfb878-f09d-4981-b1d6-1bf6a18fbb6b&vscodeBrowserReqId=1757250928208","userAgent":"Mozilla/5.0 (Windows NT 10.0; Win64; x64) AppleWebKit/537.36 (KHTML, like Gecko) Code/1.103.2 Chrome/138.0.7204.100 Electron/37.2.3 Safari/537.36"}
{"duration":"4ms","level":"info","message":"Response sent","method":"GET","statusCode":200,"timestamp":"2025-09-07T13:15:28.218Z","url":"/health?id=8ddfb878-f09d-4981-b1d6-1bf6a18fbb6b&vscodeBrowserReqId=1757250928208"}
{"ip":"::1","level":"info","message":"Incoming request","method":"GET","timestamp":"2025-09-07T13:15:32.785Z","url":"/api/market/prices?id=aa63b266-c7df-4987-be72-6062ebe89344&vscodeBrowserReqId=1757250932773","userAgent":"Mozilla/5.0 (Windows NT 10.0; Win64; x64) AppleWebKit/537.36 (KHTML, like Gecko) Code/1.103.2 Chrome/138.0.7204.100 Electron/37.2.3 Safari/537.36"}
{"duration":"3ms","level":"info","message":"Response sent","method":"GET","statusCode":404,"timestamp":"2025-09-07T13:15:32.788Z","url":"/api/market/prices?id=aa63b266-c7df-4987-be72-6062ebe89344&vscodeBrowserReqId=1757250932773"}
{"ip":"::1","level":"info","message":"Incoming request","method":"GET","timestamp":"2025-09-07T14:05:10.656Z","url":"/health?id=23454d90-50e1-4e57-b233-55d59e750a0b&vscodeBrowserReqId=1757253910649","userAgent":"Mozilla/5.0 (Windows NT 10.0; Win64; x64) AppleWebKit/537.36 (KHTML, like Gecko) Code/1.103.2 Chrome/138.0.7204.100 Electron/37.2.3 Safari/537.36"}
{"duration":"3ms","level":"info","message":"Response sent","method":"GET","statusCode":200,"timestamp":"2025-09-07T14:05:10.659Z","url":"/health?id=23454d90-50e1-4e57-b233-55d59e750a0b&vscodeBrowserReqId=1757253910649"}
{"ip":"::1","level":"info","message":"Incoming request","method":"GET","timestamp":"2025-09-07T14:05:14.758Z","url":"/api/market?id=23454d90-50e1-4e57-b233-55d59e750a0b&vscodeBrowserReqId=1757253914749","userAgent":"Mozilla/5.0 (Windows NT 10.0; Win64; x64) AppleWebKit/537.36 (KHTML, like Gecko) Code/1.103.2 Chrome/138.0.7204.100 Electron/37.2.3 Safari/537.36"}
{"duration":"9ms","level":"info","message":"Response sent","method":"GET","statusCode":200,"timestamp":"2025-09-07T14:05:14.767Z","url":"/api/market?id=23454d90-50e1-4e57-b233-55d59e750a0b&vscodeBrowserReqId=1757253914749"}
{"ip":"::1","level":"info","message":"Incoming request","method":"GET","timestamp":"2025-09-07T14:16:10.171Z","url":"/auth/demo-user?id=23454d90-50e1-4e57-b233-55d59e750a0b&vscodeBrowserReqId=1757254570165","userAgent":"Mozilla/5.0 (Windows NT 10.0; Win64; x64) AppleWebKit/537.36 (KHTML, like Gecko) Code/1.103.2 Chrome/138.0.7204.100 Electron/37.2.3 Safari/537.36"}
{"duration":"3ms","level":"info","message":"Response sent","method":"GET","statusCode":404,"timestamp":"2025-09-07T14:16:10.173Z","url":"/auth/demo-user?id=23454d90-50e1-4e57-b233-55d59e750a0b&vscodeBrowserReqId=1757254570165"}
