{
  error: TypeError: Cannot read properties of undefined (reading 'Http')
      at Object.<anonymous> (C:\Users\volde\Desktop\celora\Celora_Project\celora-backend\src\config\sentry.js:18:29)
      at Module._compile (node:internal/modules/cjs/loader:1688:14)
      at Object..js (node:internal/modules/cjs/loader:1820:10)
      at Module.load (node:internal/modules/cjs/loader:1423:32)
      at Function._load (node:internal/modules/cjs/loader:1246:12)
      at TracingChannel.traceSync (node:diagnostics_channel:322:14)
      at wrapModuleLoad (node:internal/modules/cjs/loader:235:24)
      at Module.require (node:internal/modules/cjs/loader:1445:12)
      at require (node:internal/modules/helpers:135:16)
      at Object.<anonymous> (C:\Users\volde\Desktop\celora\Celora_Project\celora-backend\src\middleware\index.js:8:25),
  level: 'error',
  message: "uncaughtException: Cannot read properties of undefined (reading 'Http')\n" +
    "TypeError: Cannot read properties of undefined (reading 'Http')\n" +
    '    at Object.<anonymous> (C:\\Users\\volde\\Desktop\\celora\\Celora_Project\\celora-backend\\src\\config\\sentry.js:18:29)\n' +
    '    at Module._compile (node:internal/modules/cjs/loader:1688:14)\n' +
    '    at Object..js (node:internal/modules/cjs/loader:1820:10)\n' +
    '    at Module.load (node:internal/modules/cjs/loader:1423:32)\n' +
    '    at Function._load (node:internal/modules/cjs/loader:1246:12)\n' +
    '    at TracingChannel.traceSync (node:diagnostics_channel:322:14)\n' +
    '    at wrapModuleLoad (node:internal/modules/cjs/loader:235:24)\n' +
    '    at Module.require (node:internal/modules/cjs/loader:1445:12)\n' +
    '    at require (node:internal/modules/helpers:135:16)\n' +
    '    at Object.<anonymous> (C:\\Users\\volde\\Desktop\\celora\\Celora_Project\\celora-backend\\src\\middleware\\index.js:8:25)',
  stack: "TypeError: Cannot read properties of undefined (reading 'Http')\n" +
    '    at Object.<anonymous> (C:\\Users\\volde\\Desktop\\celora\\Celora_Project\\celora-backend\\src\\config\\sentry.js:18:29)\n' +
    '    at Module._compile (node:internal/modules/cjs/loader:1688:14)\n' +
    '    at Object..js (node:internal/modules/cjs/loader:1820:10)\n' +
    '    at Module.load (node:internal/modules/cjs/loader:1423:32)\n' +
    '    at Function._load (node:internal/modules/cjs/loader:1246:12)\n' +
    '    at TracingChannel.traceSync (node:diagnostics_channel:322:14)\n' +
    '    at wrapModuleLoad (node:internal/modules/cjs/loader:235:24)\n' +
    '    at Module.require (node:internal/modules/cjs/loader:1445:12)\n' +
    '    at require (node:internal/modules/helpers:135:16)\n' +
    '    at Object.<anonymous> (C:\\Users\\volde\\Desktop\\celora\\Celora_Project\\celora-backend\\src\\middleware\\index.js:8:25)',
  exception: true,
  date: 'Mon Sep 08 2025 17:02:09 GMT+0200 (sentraleuropeisk sommertid)',
  process: {
    pid: 29040,
    uid: null,
    gid: null,
    cwd: 'C:\\Users\\volde\\Desktop\\celora\\Celora_Project\\celora-backend',
    execPath: 'C:\\Program Files\\nodejs\\node.exe',
    version: 'v22.18.0',
    argv: [
      'C:\\Program Files\\nodejs\\node.exe',
      'C:\\Users\\volde\\Desktop\\celora\\Celora_Project\\celora-backend\\src\\server.js'
    ],
    memoryUsage: {
      rss: 100876288,
      heapTotal: 61599744,
      heapUsed: 39502672,
      external: 2509902,
      arrayBuffers: 18707
    }
  },
  os: { loadavg: [ 0, 0, 0 ], uptime: 20595.546 },
  trace: [
    {
      column: 29,
      file: 'C:\\Users\\volde\\Desktop\\celora\\Celora_Project\\celora-backend\\src\\config\\sentry.js',
      function: null,
      line: 18,
      method: null,
      native: false
    },
    {
      column: 14,
      file: 'node:internal/modules/cjs/loader',
      function: 'Module._compile',
      line: 1688,
      method: '_compile',
      native: false
    },
    {
      column: 10,
      file: 'node:internal/modules/cjs/loader',
      function: 'Object..js',
      line: 1820,
      method: '.js',
      native: false
    },
    {
      column: 32,
      file: 'node:internal/modules/cjs/loader',
      function: 'Module.load',
      line: 1423,
      method: 'load',
      native: false
    },
    {
      column: 12,
      file: 'node:internal/modules/cjs/loader',
      function: 'Function._load',
      line: 1246,
      method: '_load',
      native: false
    },
    {
      column: 14,
      file: 'node:diagnostics_channel',
      function: 'TracingChannel.traceSync',
      line: 322,
      method: 'traceSync',
      native: false
    },
    {
      column: 24,
      file: 'node:internal/modules/cjs/loader',
      function: 'wrapModuleLoad',
      line: 235,
      method: null,
      native: false
    },
    {
      column: 12,
      file: 'node:internal/modules/cjs/loader',
      function: 'Module.require',
      line: 1445,
      method: 'require',
      native: false
    },
    {
      column: 16,
      file: 'node:internal/modules/helpers',
      function: 'require',
      line: 135,
      method: null,
      native: false
    },
    {
      column: 25,
      file: 'C:\\Users\\volde\\Desktop\\celora\\Celora_Project\\celora-backend\\src\\middleware\\index.js',
      function: null,
      line: 8,
      method: null,
      native: false
    }
  ],
  service: 'celora-backend',
  timestamp: '2025-09-08 17:02:09'
}
